2022-08-22 18:08:59.273  INFO [ProcessPensionService,,] 14884 --- [restartedMain] PensionerProcessMicrcoserviceApplication : Starting PensionerProcessMicrcoserviceApplication using Java 16.0.1 on LAPTOP-BT1OS2KM with PID 14884 (C:\STUDY\Microservice\springcloudprojectzip\Online\download - raw\pensioner-process-micrcoservice\target\classes started by SATHYA KUMAR M in C:\STUDY\Microservice\springcloudprojectzip\Online\download - raw\pensioner-process-micrcoservice)
2022-08-22 18:08:59.289  INFO [ProcessPensionService,,] 14884 --- [restartedMain] PensionerProcessMicrcoserviceApplication : No active profile set, falling back to 1 default profile: "default"
2022-08-22 18:08:59.508  INFO [ProcessPensionService,,] 14884 --- [restartedMain] .e.DevToolsPropertyDefaultsPostProcessor : Devtools property defaults active! Set 'spring.devtools.add-properties' to 'false' to disable
2022-08-22 18:08:59.510  INFO [ProcessPensionService,,] 14884 --- [restartedMain] .e.DevToolsPropertyDefaultsPostProcessor : For additional web related logging consider setting the 'logging.level.web' property to 'DEBUG'
2022-08-22 18:09:02.603  INFO [ProcessPensionService,,] 14884 --- [restartedMain] .s.d.r.c.RepositoryConfigurationDelegate : Bootstrapping Spring Data JPA repositories in DEFAULT mode.
2022-08-22 18:09:02.746  INFO [ProcessPensionService,,] 14884 --- [restartedMain] .s.d.r.c.RepositoryConfigurationDelegate : Finished Spring Data repository scanning in 118 ms. Found 1 JPA repository interfaces.
2022-08-22 18:09:03.745  INFO [ProcessPensionService,,] 14884 --- [restartedMain] o.s.cloud.context.scope.GenericScope     : BeanFactory id=a71b7608-021f-361c-8c10-8d74df2c8bed
2022-08-22 18:09:06.231  INFO [ProcessPensionService,,] 14884 --- [restartedMain] o.s.b.w.embedded.tomcat.TomcatWebServer  : Tomcat initialized with port(s): 9084 (http)
2022-08-22 18:09:06.254  INFO [ProcessPensionService,,] 14884 --- [restartedMain] o.apache.catalina.core.StandardService   : Starting service [Tomcat]
2022-08-22 18:09:06.255  INFO [ProcessPensionService,,] 14884 --- [restartedMain] org.apache.catalina.core.StandardEngine  : Starting Servlet engine: [Apache Tomcat/9.0.65]
2022-08-22 18:09:06.521  INFO [ProcessPensionService,,] 14884 --- [restartedMain] o.a.c.c.C.[Tomcat].[localhost].[/]       : Initializing Spring embedded WebApplicationContext
2022-08-22 18:09:06.522  INFO [ProcessPensionService,,] 14884 --- [restartedMain] w.s.c.ServletWebServerApplicationContext : Root WebApplicationContext: initialization completed in 7011 ms
2022-08-22 18:09:06.951  INFO [ProcessPensionService,,] 14884 --- [restartedMain] com.zaxxer.hikari.HikariDataSource       : HikariPool-1 - Starting...
2022-08-22 18:09:07.383  INFO [ProcessPensionService,,] 14884 --- [restartedMain] com.zaxxer.hikari.HikariDataSource       : HikariPool-1 - Start completed.
2022-08-22 18:09:07.409  INFO [ProcessPensionService,,] 14884 --- [restartedMain] o.s.b.a.h2.H2ConsoleAutoConfiguration    : H2 console available at '/h2-console'. Database available at 'jdbc:h2:mem:testDB'
2022-08-22 18:09:08.118  WARN [ProcessPensionService,,] 14884 --- [pool-2-thread-1] o.s.c.s.a.z.ZipkinAutoConfiguration      : Check result of the [RestTemplateSender{http://localhost:9411/api/v2/spans}] contains an error [CheckResult{ok=false, error=org.springframework.web.client.ResourceAccessException: I/O error on POST request for "http://localhost:9411/api/v2/spans": Connection refused: no further information; nested exception is java.net.ConnectException: Connection refused: no further information}]
2022-08-22 18:09:08.921  INFO [ProcessPensionService,,] 14884 --- [restartedMain] o.hibernate.jpa.internal.util.LogHelper  : HHH000204: Processing PersistenceUnitInfo [name: default]
2022-08-22 18:09:09.052  INFO [ProcessPensionService,,] 14884 --- [restartedMain] org.hibernate.Version                    : HHH000412: Hibernate ORM core version 5.6.10.Final
2022-08-22 18:09:09.411  INFO [ProcessPensionService,,] 14884 --- [restartedMain] o.hibernate.annotations.common.Version   : HCANN000001: Hibernate Commons Annotations {5.1.2.Final}
2022-08-22 18:09:09.630  INFO [ProcessPensionService,,] 14884 --- [restartedMain] org.hibernate.dialect.Dialect            : HHH000400: Using dialect: org.hibernate.dialect.H2Dialect
2022-08-22 18:09:10.816  INFO [ProcessPensionService,,] 14884 --- [restartedMain] o.h.e.t.j.p.i.JtaPlatformInitiator       : HHH000490: Using JtaPlatform implementation: [org.hibernate.engine.transaction.jta.platform.internal.NoJtaPlatform]
2022-08-22 18:09:10.829  INFO [ProcessPensionService,,] 14884 --- [restartedMain] j.LocalContainerEntityManagerFactoryBean : Initialized JPA EntityManagerFactory for persistence unit 'default'
2022-08-22 18:09:11.050  WARN [ProcessPensionService,,] 14884 --- [restartedMain] JpaBaseConfiguration$JpaWebConfiguration : spring.jpa.open-in-view is enabled by default. Therefore, database queries may be performed during view rendering. Explicitly configure spring.jpa.open-in-view to disable this warning
2022-08-22 18:09:11.188  WARN [ProcessPensionService,,] 14884 --- [restartedMain] o.s.b.d.a.OptionalLiveReloadServer       : Unable to start LiveReload server
2022-08-22 18:09:14.148  INFO [ProcessPensionService,,] 14884 --- [restartedMain] o.s.b.a.e.web.EndpointLinksResolver      : Exposing 1 endpoint(s) beneath base path '/actuator'
2022-08-22 18:09:14.294  INFO [ProcessPensionService,,] 14884 --- [restartedMain] o.s.b.w.embedded.tomcat.TomcatWebServer  : Tomcat started on port(s): 9084 (http) with context path ''
2022-08-22 18:09:14.779  INFO [ProcessPensionService,,] 14884 --- [restartedMain] PensionerProcessMicrcoserviceApplication : Started PensionerProcessMicrcoserviceApplication in 17.032 seconds (JVM running for 18.777)
2022-08-22 18:11:04.967  INFO [ProcessPensionService,7631b3ae02891f81,7631b3ae02891f81] 14884 --- [http-nio-9084-exec-1] o.a.c.c.C.[Tomcat].[localhost].[/]       : Initializing Spring DispatcherServlet 'dispatcherServlet'
2022-08-22 18:11:04.968  INFO [ProcessPensionService,7631b3ae02891f81,7631b3ae02891f81] 14884 --- [http-nio-9084-exec-1] o.s.web.servlet.DispatcherServlet        : Initializing Servlet 'dispatcherServlet'
2022-08-22 18:11:04.970  INFO [ProcessPensionService,7631b3ae02891f81,7631b3ae02891f81] 14884 --- [http-nio-9084-exec-1] o.s.web.servlet.DispatcherServlet        : Completed initialization in 2 ms
2022-08-22 18:11:05.184  INFO [ProcessPensionService,7631b3ae02891f81,7631b3ae02891f81] 14884 --- [http-nio-9084-exec-1] c.c.m.p.c.PensionProcessController       : STARTED - getStatusCode
2022-08-22 18:11:05.299  INFO [ProcessPensionService,7631b3ae02891f81,7631b3ae02891f81] 14884 --- [http-nio-9084-exec-1] c.c.m.p.c.PensionProcessController       : END - getStatusCode
2022-08-22 18:11:05.300  INFO [ProcessPensionService,7631b3ae02891f81,7631b3ae02891f81] 14884 --- [http-nio-9084-exec-1] c.c.m.p.services.PensionCalculations     : END - calculatePension
2022-08-22 18:11:05.300  INFO [ProcessPensionService,7631b3ae02891f81,7631b3ae02891f81] 14884 --- [http-nio-9084-exec-1] c.c.m.p.services.PensionCalculations     : STARTED - inputBankCharge
2022-08-22 18:11:06.312  WARN [ProcessPensionService,,] 14884 --- [AsyncReporter{RestTemplateSender{http://localhost:9411/api/v2/spans}}] z.r.AsyncReporter$BoundedAsyncReporter   : Spans were dropped due to exceptions. All subsequent errors will be logged at FINE level.
2022-08-22 18:11:06.320  WARN [ProcessPensionService,,] 14884 --- [AsyncReporter{RestTemplateSender{http://localhost:9411/api/v2/spans}}] z.r.AsyncReporter$BoundedAsyncReporter   : Dropped 2 spans due to ResourceAccessException(I/O error on POST request for "http://localhost:9411/api/v2/spans": Connection refused: no further information; nested exception is java.net.ConnectException: Connection refused: no further information)

org.springframework.web.client.ResourceAccessException: I/O error on POST request for "http://localhost:9411/api/v2/spans": Connection refused: no further information; nested exception is java.net.ConnectException: Connection refused: no further information
	at org.springframework.web.client.RestTemplate.doExecute(RestTemplate.java:785) ~[spring-web-5.3.22.jar:5.3.22]
	at org.springframework.cloud.sleuth.zipkin2.ZipkinRestTemplateWrapper.doExecute(ZipkinRestTemplateWrapper.java:67) ~[spring-cloud-sleuth-zipkin-3.1.3.jar:3.1.3]
	at org.springframework.web.client.RestTemplate.exchange(RestTemplate.java:660) ~[spring-web-5.3.22.jar:5.3.22]
	at org.springframework.cloud.sleuth.zipkin2.RestTemplateSender.post(RestTemplateSender.java:51) ~[spring-cloud-sleuth-zipkin-3.1.3.jar:3.1.3]
	at org.springframework.cloud.sleuth.zipkin2.RestTemplateSender.lambda$new$0(RestTemplateSender.java:44) ~[spring-cloud-sleuth-zipkin-3.1.3.jar:3.1.3]
	at org.springframework.cloud.sleuth.zipkin2.HttpSender.post(HttpSender.java:137) ~[spring-cloud-sleuth-zipkin-3.1.3.jar:3.1.3]
	at org.springframework.cloud.sleuth.zipkin2.HttpSender$HttpPostCall.doExecute(HttpSender.java:150) ~[spring-cloud-sleuth-zipkin-3.1.3.jar:3.1.3]
	at org.springframework.cloud.sleuth.zipkin2.HttpSender$HttpPostCall.doExecute(HttpSender.java:140) ~[spring-cloud-sleuth-zipkin-3.1.3.jar:3.1.3]
	at zipkin2.Call$Base.execute(Call.java:391) ~[zipkin-2.23.2.jar:na]
	at zipkin2.reporter.AsyncReporter$BoundedAsyncReporter.flush(AsyncReporter.java:299) ~[zipkin-reporter-2.16.3.jar:na]
	at zipkin2.reporter.AsyncReporter$Flusher.run(AsyncReporter.java:378) ~[zipkin-reporter-2.16.3.jar:na]
	at java.base/java.lang.Thread.run(Thread.java:831) ~[na:na]
Caused by: java.net.ConnectException: Connection refused: no further information
	at java.base/sun.nio.ch.Net.pollConnect(Native Method) ~[na:na]
	at java.base/sun.nio.ch.Net.pollConnectNow(Net.java:669) ~[na:na]
	at java.base/sun.nio.ch.NioSocketImpl.timedFinishConnect(NioSocketImpl.java:542) ~[na:na]
	at java.base/sun.nio.ch.NioSocketImpl.connect(NioSocketImpl.java:597) ~[na:na]
	at java.base/java.net.Socket.connect(Socket.java:645) ~[na:na]
	at java.base/sun.net.NetworkClient.doConnect(NetworkClient.java:177) ~[na:na]
	at java.base/sun.net.www.http.HttpClient.openServer(HttpClient.java:497) ~[na:na]
	at java.base/sun.net.www.http.HttpClient.openServer(HttpClient.java:600) ~[na:na]
	at java.base/sun.net.www.http.HttpClient.<init>(HttpClient.java:246) ~[na:na]
	at java.base/sun.net.www.http.HttpClient.New(HttpClient.java:351) ~[na:na]
	at java.base/sun.net.www.http.HttpClient.New(HttpClient.java:372) ~[na:na]
	at java.base/sun.net.www.protocol.http.HttpURLConnection.getNewHttpClient(HttpURLConnection.java:1299) ~[na:na]
	at java.base/sun.net.www.protocol.http.HttpURLConnection.plainConnect0(HttpURLConnection.java:1232) ~[na:na]
	at java.base/sun.net.www.protocol.http.HttpURLConnection.plainConnect(HttpURLConnection.java:1120) ~[na:na]
	at java.base/sun.net.www.protocol.http.HttpURLConnection.connect(HttpURLConnection.java:1051) ~[na:na]
	at org.springframework.http.client.SimpleBufferingClientHttpRequest.executeInternal(SimpleBufferingClientHttpRequest.java:76) ~[spring-web-5.3.22.jar:5.3.22]
	at org.springframework.http.client.AbstractBufferingClientHttpRequest.executeInternal(AbstractBufferingClientHttpRequest.java:48) ~[spring-web-5.3.22.jar:5.3.22]
	at org.springframework.http.client.AbstractClientHttpRequest.execute(AbstractClientHttpRequest.java:66) ~[spring-web-5.3.22.jar:5.3.22]
	at org.springframework.web.client.RestTemplate.doExecute(RestTemplate.java:776) ~[spring-web-5.3.22.jar:5.3.22]
	... 11 common frames omitted

2022-08-22 18:12:55.287  INFO [ProcessPensionService,9d920cb6eccdfb1b,9d920cb6eccdfb1b] 14884 --- [http-nio-9084-exec-5] c.c.m.p.c.PensionProcessController       : STARTED - getStatusCode
2022-08-22 18:12:55.322  INFO [ProcessPensionService,9d920cb6eccdfb1b,9d920cb6eccdfb1b] 14884 --- [http-nio-9084-exec-5] c.c.m.p.c.PensionProcessController       : END - getStatusCode
2022-08-22 18:12:55.322  INFO [ProcessPensionService,9d920cb6eccdfb1b,9d920cb6eccdfb1b] 14884 --- [http-nio-9084-exec-5] c.c.m.p.services.PensionCalculations     : END - calculatePension
2022-08-22 18:12:55.323  INFO [ProcessPensionService,9d920cb6eccdfb1b,9d920cb6eccdfb1b] 14884 --- [http-nio-9084-exec-5] c.c.m.p.services.PensionCalculations     : STARTED - inputBankCharge
2022-08-22 18:14:19.809  INFO [ProcessPensionService,,] 14884 --- [File Watcher] rtingClassPathChangeChangedEventListener : Restarting due to 3 class path changes (0 additions, 0 deletions, 3 modifications)
2022-08-22 18:14:19.825  INFO [ProcessPensionService,,] 14884 --- [Thread-1] o.apache.catalina.core.StandardService   : Stopping service [Tomcat]
2022-08-22 18:14:19.827  INFO [ProcessPensionService,,] 14884 --- [Thread-1] o.a.c.c.C.[Tomcat].[localhost].[/]       : Destroying Spring FrameworkServlet 'dispatcherServlet'
2022-08-22 18:14:19.830  WARN [ProcessPensionService,,] 14884 --- [Thread-1] o.a.c.loader.WebappClassLoaderBase       : The web application [ROOT] appears to have started a thread named [HikariPool-1 housekeeper] but has failed to stop it. This is very likely to create a memory leak. Stack trace of thread:
 java.base@16.0.1/jdk.internal.misc.Unsafe.park(Native Method)
 java.base@16.0.1/java.util.concurrent.locks.LockSupport.parkNanos(LockSupport.java:252)
 java.base@16.0.1/java.util.concurrent.locks.AbstractQueuedSynchronizer$ConditionObject.awaitNanos(AbstractQueuedSynchronizer.java:1661)
 java.base@16.0.1/java.util.concurrent.ScheduledThreadPoolExecutor$DelayedWorkQueue.take(ScheduledThreadPoolExecutor.java:1182)
 java.base@16.0.1/java.util.concurrent.ScheduledThreadPoolExecutor$DelayedWorkQueue.take(ScheduledThreadPoolExecutor.java:899)
 java.base@16.0.1/java.util.concurrent.ThreadPoolExecutor.getTask(ThreadPoolExecutor.java:1056)
 java.base@16.0.1/java.util.concurrent.ThreadPoolExecutor.runWorker(ThreadPoolExecutor.java:1116)
 java.base@16.0.1/java.util.concurrent.ThreadPoolExecutor$Worker.run(ThreadPoolExecutor.java:630)
 java.base@16.0.1/java.lang.Thread.run(Thread.java:831)
2022-08-22 18:14:19.831  WARN [ProcessPensionService,,] 14884 --- [Thread-1] o.a.c.loader.WebappClassLoaderBase       : The web application [ROOT] appears to have started a thread named [pool-2-thread-1] but has failed to stop it. This is very likely to create a memory leak. Stack trace of thread:
 java.base@16.0.1/jdk.internal.misc.Unsafe.park(Native Method)
 java.base@16.0.1/java.util.concurrent.locks.LockSupport.park(LockSupport.java:341)
 java.base@16.0.1/java.util.concurrent.locks.AbstractQueuedSynchronizer$ConditionNode.block(AbstractQueuedSynchronizer.java:505)
 java.base@16.0.1/java.util.concurrent.ForkJoinPool.managedBlock(ForkJoinPool.java:3137)
 java.base@16.0.1/java.util.concurrent.locks.AbstractQueuedSynchronizer$ConditionObject.await(AbstractQueuedSynchronizer.java:1614)
 java.base@16.0.1/java.util.concurrent.LinkedBlockingQueue.take(LinkedBlockingQueue.java:435)
 java.base@16.0.1/java.util.concurrent.ThreadPoolExecutor.getTask(ThreadPoolExecutor.java:1056)
 java.base@16.0.1/java.util.concurrent.ThreadPoolExecutor.runWorker(ThreadPoolExecutor.java:1116)
 java.base@16.0.1/java.util.concurrent.ThreadPoolExecutor$Worker.run(ThreadPoolExecutor.java:630)
 java.base@16.0.1/java.lang.Thread.run(Thread.java:831)
2022-08-22 18:14:19.832  WARN [ProcessPensionService,,] 14884 --- [Thread-1] o.a.c.loader.WebappClassLoaderBase       : The web application [ROOT] appears to have started a thread named [AsyncReporter{RestTemplateSender{http://localhost:9411/api/v2/spans}}] but has failed to stop it. This is very likely to create a memory leak. Stack trace of thread:
 java.base@16.0.1/jdk.internal.misc.Unsafe.park(Native Method)
 java.base@16.0.1/java.util.concurrent.locks.LockSupport.parkNanos(LockSupport.java:252)
 java.base@16.0.1/java.util.concurrent.locks.AbstractQueuedSynchronizer$ConditionObject.awaitNanos(AbstractQueuedSynchronizer.java:1661)
 app//zipkin2.reporter.ByteBoundedQueue.drainTo(ByteBoundedQueue.java:81)
 app//zipkin2.reporter.AsyncReporter$BoundedAsyncReporter.flush(AsyncReporter.java:270)
 app//zipkin2.reporter.AsyncReporter$Flusher.run(AsyncReporter.java:378)
 java.base@16.0.1/java.lang.Thread.run(Thread.java:831)
2022-08-22 18:14:19.841  INFO [ProcessPensionService,,] 14884 --- [Thread-1] j.LocalContainerEntityManagerFactoryBean : Closing JPA EntityManagerFactory for persistence unit 'default'
2022-08-22 18:14:19.842  INFO [ProcessPensionService,,] 14884 --- [Thread-1] .SchemaDropperImpl$DelayedDropActionImpl : HHH000477: Starting delayed evictData of schema as part of SessionFactory shut-down'
2022-08-22 18:14:20.055  WARN [ProcessPensionService,,] 14884 --- [Thread-1] o.s.b.f.support.DisposableBeanAdapter    : Invocation of destroy method failed on bean with name 'inMemoryDatabaseShutdownExecutor': org.h2.jdbc.JdbcSQLNonTransientConnectionException: Database is already closed (to disable automatic closing at VM shutdown, add ";DB_CLOSE_ON_EXIT=FALSE" to the db URL) [90121-214]
2022-08-22 18:14:20.321  INFO [ProcessPensionService,,] 14884 --- [Thread-1] com.zaxxer.hikari.HikariDataSource       : HikariPool-1 - Shutdown initiated...
2022-08-22 18:14:20.324  INFO [ProcessPensionService,,] 14884 --- [Thread-1] com.zaxxer.hikari.HikariDataSource       : HikariPool-1 - Shutdown completed.
2022-08-22 18:14:20.544  INFO [ProcessPensionService,,] 14884 --- [restartedMain] PensionerProcessMicrcoserviceApplication : Starting PensionerProcessMicrcoserviceApplication using Java 16.0.1 on LAPTOP-BT1OS2KM with PID 14884 (C:\STUDY\Microservice\springcloudprojectzip\Online\download - raw\pensioner-process-micrcoservice\target\classes started by SATHYA KUMAR M in C:\STUDY\Microservice\springcloudprojectzip\Online\download - raw\pensioner-process-micrcoservice)
2022-08-22 18:14:20.545  INFO [ProcessPensionService,,] 14884 --- [restartedMain] PensionerProcessMicrcoserviceApplication : No active profile set, falling back to 1 default profile: "default"
2022-08-22 18:14:21.120  INFO [ProcessPensionService,,] 14884 --- [restartedMain] .s.d.r.c.RepositoryConfigurationDelegate : Bootstrapping Spring Data JPA repositories in DEFAULT mode.
2022-08-22 18:14:21.135  INFO [ProcessPensionService,,] 14884 --- [restartedMain] .s.d.r.c.RepositoryConfigurationDelegate : Finished Spring Data repository scanning in 13 ms. Found 1 JPA repository interfaces.
2022-08-22 18:14:21.290  INFO [ProcessPensionService,,] 14884 --- [restartedMain] o.s.cloud.context.scope.GenericScope     : BeanFactory id=a71b7608-021f-361c-8c10-8d74df2c8bed
2022-08-22 18:14:21.512  INFO [ProcessPensionService,,] 14884 --- [restartedMain] o.s.b.w.embedded.tomcat.TomcatWebServer  : Tomcat initialized with port(s): 9084 (http)
2022-08-22 18:14:21.513  INFO [ProcessPensionService,,] 14884 --- [restartedMain] o.apache.catalina.core.StandardService   : Starting service [Tomcat]
2022-08-22 18:14:21.513  INFO [ProcessPensionService,,] 14884 --- [restartedMain] org.apache.catalina.core.StandardEngine  : Starting Servlet engine: [Apache Tomcat/9.0.65]
2022-08-22 18:14:21.556  INFO [ProcessPensionService,,] 14884 --- [restartedMain] o.a.c.c.C.[Tomcat].[localhost].[/]       : Initializing Spring embedded WebApplicationContext
2022-08-22 18:14:21.556  INFO [ProcessPensionService,,] 14884 --- [restartedMain] w.s.c.ServletWebServerApplicationContext : Root WebApplicationContext: initialization completed in 1007 ms
2022-08-22 18:14:21.677  INFO [ProcessPensionService,,] 14884 --- [restartedMain] com.zaxxer.hikari.HikariDataSource       : HikariPool-2 - Starting...
2022-08-22 18:14:21.681  INFO [ProcessPensionService,,] 14884 --- [restartedMain] com.zaxxer.hikari.HikariDataSource       : HikariPool-2 - Start completed.
2022-08-22 18:14:21.681  INFO [ProcessPensionService,,] 14884 --- [restartedMain] o.s.b.a.h2.H2ConsoleAutoConfiguration    : H2 console available at '/h2-console'. Database available at 'jdbc:h2:mem:testDB'
2022-08-22 18:14:21.907  WARN [ProcessPensionService,,] 14884 --- [pool-4-thread-1] o.s.c.s.a.z.ZipkinAutoConfiguration      : Check result of the [RestTemplateSender{http://localhost:9411/api/v2/spans}] contains an error [CheckResult{ok=false, error=org.springframework.web.client.ResourceAccessException: I/O error on POST request for "http://localhost:9411/api/v2/spans": Connection refused: no further information; nested exception is java.net.ConnectException: Connection refused: no further information}]
2022-08-22 18:14:22.107  INFO [ProcessPensionService,,] 14884 --- [restartedMain] o.hibernate.jpa.internal.util.LogHelper  : HHH000204: Processing PersistenceUnitInfo [name: default]
2022-08-22 18:14:22.116  INFO [ProcessPensionService,,] 14884 --- [restartedMain] org.hibernate.dialect.Dialect            : HHH000400: Using dialect: org.hibernate.dialect.H2Dialect
2022-08-22 18:14:22.155  INFO [ProcessPensionService,,] 14884 --- [restartedMain] o.h.e.t.j.p.i.JtaPlatformInitiator       : HHH000490: Using JtaPlatform implementation: [org.hibernate.engine.transaction.jta.platform.internal.NoJtaPlatform]
2022-08-22 18:14:22.156  INFO [ProcessPensionService,,] 14884 --- [restartedMain] j.LocalContainerEntityManagerFactoryBean : Initialized JPA EntityManagerFactory for persistence unit 'default'
2022-08-22 18:14:22.257  WARN [ProcessPensionService,,] 14884 --- [restartedMain] JpaBaseConfiguration$JpaWebConfiguration : spring.jpa.open-in-view is enabled by default. Therefore, database queries may be performed during view rendering. Explicitly configure spring.jpa.open-in-view to disable this warning
2022-08-22 18:14:22.326  WARN [ProcessPensionService,,] 14884 --- [restartedMain] o.s.b.d.a.OptionalLiveReloadServer       : Unable to start LiveReload server
2022-08-22 18:14:23.832  INFO [ProcessPensionService,,] 14884 --- [restartedMain] o.s.b.a.e.web.EndpointLinksResolver      : Exposing 1 endpoint(s) beneath base path '/actuator'
2022-08-22 18:14:23.881  INFO [ProcessPensionService,,] 14884 --- [restartedMain] o.s.b.w.embedded.tomcat.TomcatWebServer  : Tomcat started on port(s): 9084 (http) with context path ''
2022-08-22 18:14:24.112  INFO [ProcessPensionService,,] 14884 --- [restartedMain] PensionerProcessMicrcoserviceApplication : Started PensionerProcessMicrcoserviceApplication in 3.73 seconds (JVM running for 328.11)
2022-08-22 18:14:24.125  INFO [ProcessPensionService,,] 14884 --- [restartedMain] .ConditionEvaluationDeltaLoggingListener : Condition evaluation unchanged
2022-08-22 18:14:26.780  INFO [ProcessPensionService,,] 14884 --- [File Watcher] rtingClassPathChangeChangedEventListener : Restarting due to 1 class path change (0 additions, 0 deletions, 1 modification)
2022-08-22 18:14:26.798  INFO [ProcessPensionService,,] 14884 --- [Thread-9] o.apache.catalina.core.StandardService   : Stopping service [Tomcat]
2022-08-22 18:14:26.801  WARN [ProcessPensionService,,] 14884 --- [Thread-9] o.a.c.loader.WebappClassLoaderBase       : The web application [ROOT] appears to have started a thread named [HikariPool-2 housekeeper] but has failed to stop it. This is very likely to create a memory leak. Stack trace of thread:
 java.base@16.0.1/jdk.internal.misc.Unsafe.park(Native Method)
 java.base@16.0.1/java.util.concurrent.locks.LockSupport.parkNanos(LockSupport.java:252)
 java.base@16.0.1/java.util.concurrent.locks.AbstractQueuedSynchronizer$ConditionObject.awaitNanos(AbstractQueuedSynchronizer.java:1661)
 java.base@16.0.1/java.util.concurrent.ScheduledThreadPoolExecutor$DelayedWorkQueue.take(ScheduledThreadPoolExecutor.java:1182)
 java.base@16.0.1/java.util.concurrent.ScheduledThreadPoolExecutor$DelayedWorkQueue.take(ScheduledThreadPoolExecutor.java:899)
 java.base@16.0.1/java.util.concurrent.ThreadPoolExecutor.getTask(ThreadPoolExecutor.java:1056)
 java.base@16.0.1/java.util.concurrent.ThreadPoolExecutor.runWorker(ThreadPoolExecutor.java:1116)
 java.base@16.0.1/java.util.concurrent.ThreadPoolExecutor$Worker.run(ThreadPoolExecutor.java:630)
 java.base@16.0.1/java.lang.Thread.run(Thread.java:831)
2022-08-22 18:14:26.802  WARN [ProcessPensionService,,] 14884 --- [Thread-9] o.a.c.loader.WebappClassLoaderBase       : The web application [ROOT] appears to have started a thread named [HikariPool-2 connection adder] but has failed to stop it. This is very likely to create a memory leak. Stack trace of thread:
 java.base@16.0.1/jdk.internal.misc.Unsafe.park(Native Method)
 java.base@16.0.1/java.util.concurrent.locks.LockSupport.parkNanos(LockSupport.java:252)
 java.base@16.0.1/java.util.concurrent.locks.AbstractQueuedSynchronizer$ConditionObject.awaitNanos(AbstractQueuedSynchronizer.java:1661)
 java.base@16.0.1/java.util.concurrent.LinkedBlockingQueue.poll(LinkedBlockingQueue.java:460)
 java.base@16.0.1/java.util.concurrent.ThreadPoolExecutor.getTask(ThreadPoolExecutor.java:1055)
 java.base@16.0.1/java.util.concurrent.ThreadPoolExecutor.runWorker(ThreadPoolExecutor.java:1116)
 java.base@16.0.1/java.util.concurrent.ThreadPoolExecutor$Worker.run(ThreadPoolExecutor.java:630)
 java.base@16.0.1/java.lang.Thread.run(Thread.java:831)
2022-08-22 18:14:26.803  WARN [ProcessPensionService,,] 14884 --- [Thread-9] o.a.c.loader.WebappClassLoaderBase       : The web application [ROOT] appears to have started a thread named [pool-4-thread-1] but has failed to stop it. This is very likely to create a memory leak. Stack trace of thread:
 java.base@16.0.1/jdk.internal.misc.Unsafe.park(Native Method)
 java.base@16.0.1/java.util.concurrent.locks.LockSupport.park(LockSupport.java:341)
 java.base@16.0.1/java.util.concurrent.locks.AbstractQueuedSynchronizer$ConditionNode.block(AbstractQueuedSynchronizer.java:505)
 java.base@16.0.1/java.util.concurrent.ForkJoinPool.managedBlock(ForkJoinPool.java:3137)
 java.base@16.0.1/java.util.concurrent.locks.AbstractQueuedSynchronizer$ConditionObject.await(AbstractQueuedSynchronizer.java:1614)
 java.base@16.0.1/java.util.concurrent.LinkedBlockingQueue.take(LinkedBlockingQueue.java:435)
 java.base@16.0.1/java.util.concurrent.ThreadPoolExecutor.getTask(ThreadPoolExecutor.java:1056)
 java.base@16.0.1/java.util.concurrent.ThreadPoolExecutor.runWorker(ThreadPoolExecutor.java:1116)
 java.base@16.0.1/java.util.concurrent.ThreadPoolExecutor$Worker.run(ThreadPoolExecutor.java:630)
 java.base@16.0.1/java.lang.Thread.run(Thread.java:831)
2022-08-22 18:14:26.806  INFO [ProcessPensionService,,] 14884 --- [Thread-9] j.LocalContainerEntityManagerFactoryBean : Closing JPA EntityManagerFactory for persistence unit 'default'
2022-08-22 18:14:26.807  INFO [ProcessPensionService,,] 14884 --- [Thread-9] .SchemaDropperImpl$DelayedDropActionImpl : HHH000477: Starting delayed evictData of schema as part of SessionFactory shut-down'
2022-08-22 18:14:27.019  WARN [ProcessPensionService,,] 14884 --- [Thread-9] o.s.b.f.support.DisposableBeanAdapter    : Invocation of destroy method failed on bean with name 'inMemoryDatabaseShutdownExecutor': org.h2.jdbc.JdbcSQLNonTransientConnectionException: Database is already closed (to disable automatic closing at VM shutdown, add ";DB_CLOSE_ON_EXIT=FALSE" to the db URL) [90121-214]
2022-08-22 18:14:28.031  INFO [ProcessPensionService,,] 14884 --- [Thread-9] com.zaxxer.hikari.HikariDataSource       : HikariPool-2 - Shutdown initiated...
2022-08-22 18:14:28.032  INFO [ProcessPensionService,,] 14884 --- [Thread-9] com.zaxxer.hikari.HikariDataSource       : HikariPool-2 - Shutdown completed.
